#
# There is insufficient memory for the Java Runtime Environment to continue.
# Native memory allocation (malloc) failed to allocate 1048576 bytes for AllocateHeap
# Possible reasons:
#   The system is out of physical RAM or swap space
#   In 32 bit mode, the process size limit was hit
# Possible solutions:
#   Reduce memory load on the system
#   Increase physical memory or swap space
#   Check if swap backing store is full
#   Use 64 bit Java on a 64 bit OS
#   Decrease Java heap size (-Xmx/-Xms)
#   Decrease number of Java threads
#   Decrease Java thread stack sizes (-Xss)
#   Set larger code cache with -XX:ReservedCodeCacheSize=
# This output file may be truncated or incomplete.
#
#  Out of Memory Error (memory/allocation.inline.hpp:61), pid=19312, tid=2932
#
# JRE version:  (8.0_77-b03) (build )
# Java VM: Java HotSpot(TM) 64-Bit Server VM (25.77-b03 mixed mode windows-amd64 compressed oops)
# Failed to write core dump. Minidumps are not enabled by default on client versions of Windows
#

---------------  T H R E A D  ---------------

Current thread (0x0000000002960800):  JavaThread "Unknown thread" [_thread_in_vm, id=2932, stack(0x00000000027d0000,0x00000000028d0000)]

Stack: [0x00000000027d0000,0x00000000028d0000]
[error occurred during error reporting (printing stack bounds), id 0xc0000005]

Native frames: (J=compiled Java code, j=interpreted, Vv=VM code, C=native code)


---------------  P R O C E S S  ---------------

Java Threads: ( => current thread )

Other Threads:

=>0x0000000002960800 (exited) JavaThread "Unknown thread" [_thread_in_vm, id=2932, stack(0x00000000027d0000,0x00000000028d0000)]

VM state:not at safepoint (normal execution)

VM Mutex/Monitor currently owned by a thread: None

Heap:
 PSYoungGen      total 38400K, used 665K [0x00000000d5f00000, 0x00000000d8980000, 0x0000000100000000)
  eden space 33280K, 2% used [0x00000000d5f00000,0x00000000d5fa6670,0x00000000d7f80000)
  from space 5120K, 0% used [0x00000000d8480000,0x00000000d8480000,0x00000000d8980000)
  to   space 5120K, 0% used [0x00000000d7f80000,0x00000000d7f80000,0x00000000d8480000)
 ParOldGen       total 87552K, used 0K [0x0000000081c00000, 0x0000000087180000, 0x00000000d5f00000)
  object space 87552K, 0% used [0x0000000081c00000,0x0000000081c00000,0x0000000087180000)
 Metaspace       used 746K, capacity 4480K, committed 4480K, reserved 1056768K
  class space    used 75K, capacity 384K, committed 384K, reserved 1048576K

Card table byte_map: [0x0000000011e20000,0x0000000012220000] byte_map_base: 0x0000000011a12000

Marking Bits: (ParMarkBitMap*) 0x0000000052840600
 Begin Bits: [0x00000000128d0000, 0x0000000014860000)
 End Bits:   [0x0000000014860000, 0x00000000167f0000)

Polling page: 0x0000000000840000

CodeCache: size=245760Kb used=328Kb max_used=328Kb free=245431Kb
 bounds [0x0000000002a60000, 0x0000000002cd0000, 0x0000000011a60000]
 total_blobs=58 nmethods=0 adapters=38
 compilation: enabled

Compilation events (0 events):
No events

GC Heap History (0 events):
No events

Deoptimization events (0 events):
No events

Internal exceptions (0 events):
No events

Events (10 events):
Event: 0.040 loading class java/lang/Short
Event: 0.040 loading class java/lang/Short done
Event: 0.040 loading class java/lang/Integer
Event: 0.040 loading class java/lang/Integer done
Event: 0.040 loading class java/lang/Long
Event: 0.040 loading class java/lang/Long done
Event: 0.041 loading class java/lang/NullPointerException
Event: 0.041 loading class java/lang/NullPointerException done
Event: 0.041 loading class java/lang/ArithmeticException
Event: 0.041 loading class java/lang/ArithmeticException done


Dynamic libraries:
0x00007ff6d4980000 - 0x00007ff6d49b7000 	C:\Program Files\Java\jre1.8.0_77\bin\javaw.exe
0x00007ff99ce60000 - 0x00007ff99d021000 	C:\Windows\SYSTEM32\ntdll.dll
0x00007ff99a930000 - 0x00007ff99a9dd000 	C:\Windows\system32\KERNEL32.DLL
0x00007ff9997d0000 - 0x00007ff9999b8000 	C:\Windows\system32\KERNELBASE.dll
0x00007ff99a880000 - 0x00007ff99a927000 	C:\Windows\system32\ADVAPI32.dll
0x00007ff99aaa0000 - 0x00007ff99ab3d000 	C:\Windows\system32\msvcrt.dll
0x00007ff99a650000 - 0x00007ff99a6ab000 	C:\Windows\system32\sechost.dll
0x00007ff99a260000 - 0x00007ff99a37c000 	C:\Windows\system32\RPCRT4.dll
0x00007ff99c3c0000 - 0x00007ff99c516000 	C:\Windows\system32\USER32.dll
0x00007ff99acd0000 - 0x00007ff99ae56000 	C:\Windows\system32\GDI32.dll
0x00007ff995360000 - 0x00007ff9955d4000 	C:\Windows\WinSxS\amd64_microsoft.windows.common-controls_6595b64144ccf1df_6.0.10586.494_none_a2d8b04ea53e3145\COMCTL32.dll
0x00007ff99c960000 - 0x00007ff99cbdd000 	C:\Windows\system32\combase.dll
0x00007ff999510000 - 0x00007ff99957a000 	C:\Windows\system32\bcryptPrimitives.dll
0x00007ff99ab40000 - 0x00007ff99ab7b000 	C:\Windows\system32\IMM32.DLL
0x0000000052b10000 - 0x0000000052be2000 	C:\Program Files\Java\jre1.8.0_77\bin\msvcr100.dll
0x0000000052030000 - 0x00000000528c0000 	C:\Program Files\Java\jre1.8.0_77\bin\server\jvm.dll
0x00007ff99c520000 - 0x00007ff99c528000 	C:\Windows\system32\PSAPI.DLL
0x00007ff988150000 - 0x00007ff988159000 	C:\Windows\SYSTEM32\WSOCK32.dll
0x00007ff996f10000 - 0x00007ff996f33000 	C:\Windows\SYSTEM32\WINMM.dll
0x00007ff995680000 - 0x00007ff99568a000 	C:\Windows\SYSTEM32\VERSION.dll
0x00007ff99a6b0000 - 0x00007ff99a71b000 	C:\Windows\system32\WS2_32.dll
0x00000000007f0000 - 0x000000000081c000 	C:\Windows\SYSTEM32\WINMMBASE.dll
0x00007ff99a150000 - 0x00007ff99a193000 	C:\Windows\system32\cfgmgr32.dll
0x0000000053200000 - 0x000000005320f000 	C:\Program Files\Java\jre1.8.0_77\bin\verify.dll
0x00000000531d0000 - 0x00000000531f9000 	C:\Program Files\Java\jre1.8.0_77\bin\java.dll
0x00000000531b0000 - 0x00000000531c6000 	C:\Program Files\Java\jre1.8.0_77\bin\zip.dll

VM Arguments:
jvm_args: -Dfile.encoding=GBK 
java_command: nowcoder.LongPathOfString
java_class_path (initial): D:\JAVA\nowcoder\bin
Launcher Type: SUN_STANDARD

Environment Variables:
JAVA_HOME=C:\Program Files\Java\jdk1.8.0_77
PATH=C:/Program Files/Java/jre1.8.0_77/bin/server;C:/Program Files/Java/jre1.8.0_77/bin;C:/Program Files/Java/jre1.8.0_77/lib/amd64;C:\ProgramData\Oracle\Java\javapath;C:\Program Files (x86)\Intel\iCLS Client\;C:\Program Files\Intel\iCLS Client\;C:\Windows\system32;C:\Windows;C:\Windows\System32\Wbem;C:\Windows\System32\WindowsPowerShell\v1.0\;C:\Program Files (x86)\Intel\Intel(R) Management Engine Components\DAL;C:\Program Files\Intel\Intel(R) Management Engine Components\DAL;C:\Program Files (x86)\Intel\Intel(R) Management Engine Components\IPT;C:\Program Files\Intel\Intel(R) Management Engine Components\IPT;C:\Program Files\Intel\WiFi\bin\;C:\Program Files\Common Files\Intel\WirelessCommon\;C:\Program Files (x86)\NVIDIA Corporation\PhysX\Common;E:\matlab\runtime\win64;E:\matlab\bin;E:\matlab\polyspace\bin;C:\Program Files\Microsoft SQL Server\110\Tools\Binn\;E:\python;C:\Program Files (x86)\Windows Kits\8.1\Windows Performance Toolkit\;%JAVA_HOME%\bin;;E:\eclipse\eclipse;
USERNAME=ThinkPad
OS=Windows_NT
PROCESSOR_IDENTIFIER=Intel64 Family 6 Model 78 Stepping 3, GenuineIntel



---------------  S Y S T E M  ---------------

OS: Windows 10.0 , 64 bit Build 10586 (10.0.10586.0)

CPU:total 4 (2 cores per cpu, 2 threads per core) family 6 model 78 stepping 3, cmov, cx8, fxsr, mmx, sse, sse2, sse3, ssse3, sse4.1, sse4.2, popcnt, avx, avx2, clmul, erms, 3dnowpref, lzcnt, ht, tsc, tscinvbit, bmi1, bmi2, adx

Memory: 4k page, physical 8268876k(4128596k free), swap 18845512k(5780k free)

vm_info: Java HotSpot(TM) 64-Bit Server VM (25.77-b03) for windows-amd64 JRE (1.8.0_77-b03), built on Mar 20 2016 22:01:33 by "java_re" with MS VC++ 10.0 (VS2010)

time: Sun Aug 14 19:14:40 2016
elapsed time: 0 seconds (0d 0h 0m 0s)

